\BOOKMARK [1][]{Doc-Start}{\376\377\000A\000b\000s\000t\000r\000a\000c\000t}{}% 1
\BOOKMARK [0][]{chapter.0.1}{\376\377\0001\000\040\000I\000n\000d\000l\000e\000d\000n\000i\000n\000g}{}% 2
\BOOKMARK [0][]{chapter.0.2}{\376\377\0002\000\040\000P\000r\000o\000b\000l\000e\000m\000f\000o\000r\000m\000u\000l\000e\000r\000i\000n\000g}{}% 3
\BOOKMARK [0][]{chapter.0.3}{\376\377\0003\000\040\000P\000r\000o\000d\000u\000k\000t\000p\000r\000i\000n\000c\000i\000p}{}% 4
\BOOKMARK [1][]{section.0.3.1}{\376\377\0003\000.\0001\000\040\000F\000l\000o\000w\000c\000h\000a\000r\000t\000\040\000o\000v\000e\000r\000\040\000p\000r\000o\000g\000r\000a\000m\000m\000e\000t}{chapter.0.3}% 5
\BOOKMARK [1][]{section.0.3.2}{\376\377\0003\000.\0002\000\040\000P\000r\000o\000d\000u\000k\000t\000k\000r\000a\000v}{chapter.0.3}% 6
\BOOKMARK [1][]{section.0.3.3}{\376\377\0003\000.\0003\000\040\000T\000e\000c\000h\000-\000s\000t\000a\000c\000k}{chapter.0.3}% 7
\BOOKMARK [1][]{section.0.3.4}{\376\377\0003\000.\0004\000\040\000D\000a\000t\000a\000b\000a\000s\000e}{chapter.0.3}% 8
\BOOKMARK [1][]{section.0.3.5}{\376\377\0003\000.\0005\000\040\000A\000s\000p\000.\000n\000e\000t\000\040\000I\000d\000e\000n\000t\000i\000t\000y}{chapter.0.3}% 9
\BOOKMARK [1][]{section.0.3.6}{\376\377\0003\000.\0006\000\040\000W\000i\000r\000e\000f\000r\000a\000m\000e\000s}{chapter.0.3}% 10
\BOOKMARK [0][]{chapter.0.4}{\376\377\0004\000\040\000T\000e\000s\000t\000\040\000a\000f\000\040\000p\000r\000o\000d\000u\000k\000t}{}% 11
\BOOKMARK [1][]{section.0.4.1}{\376\377\0004\000.\0001\000\040\000T\000e\000s\000t\000\040\000a\000f\000\040\000H\000\345\000r\000d\000e\000\040\000k\000r\000a\000v}{chapter.0.4}% 12
\BOOKMARK [1][]{section.0.4.2}{\376\377\0004\000.\0002\000\040\000T\000e\000s\000t\000\040\000a\000f\000\040\000b\000l\000\370\000d\000e\000\040\000k\000r\000a\000v}{chapter.0.4}% 13
\BOOKMARK [0][]{chapter.0.5}{\376\377\0005\000\040\000G\000e\000n\000n\000e\000m\000g\000a\000n\000g\000\040\000a\000f\000\040\000k\000o\000d\000e}{}% 14
\BOOKMARK [1][]{section.0.5.1}{\376\377\0005\000.\0001\000\040\000F\000r\000o\000n\000t\000e\000n\000d}{chapter.0.5}% 15
\BOOKMARK [1][]{section.0.5.2}{\376\377\0005\000.\0002\000\040\000B\000a\000c\000k\000e\000n\000d}{chapter.0.5}% 16
\BOOKMARK [0][]{chapter.0.6}{\376\377\0006\000\040\000K\000o\000n\000k\000l\000u\000s\000i\000o\000n}{}% 17
\BOOKMARK [0][]{chapter.0.7}{\376\377\0007\000\040\000B\000i\000l\000a\000g}{}% 18
\BOOKMARK [1][]{section.0.7.1}{\376\377\0007\000.\0001\000\040\000V\000i\000d\000e\000o}{chapter.0.7}% 19
\BOOKMARK [1][]{section.0.7.2}{\376\377\0007\000.\0002\000\040\000K\000o\000d\000e}{chapter.0.7}% 20
